# JRE version: Java(TM) SE Runtime Environment (8.0_181-b13) (build 1.8.0_181-b13)
# Java VM: Java HotSpot(TM) 64-Bit Server VM (25.181-b13 mixed mode windows-amd64 compressed oops)
Heap:
 PSYoungGen      total 443392K, used 9236K [0x00000000e0000000, 0x0000000100000000, 0x0000000100000000)
  eden space 362496K, 2% used [0x00000000e0000000,0x00000000e0905168,0x00000000f6200000)
  from space 80896K, 0% used [0x00000000f6200000,0x00000000f6200000,0x00000000fb100000)
  to   space 80896K, 0% used [0x00000000fb100000,0x00000000fb100000,0x0000000100000000)
 ParOldGen       total 456192K, used 285628K [0x00000000a0000000, 0x00000000bbd80000, 0x00000000e0000000)
  object space 456192K, 62% used [0x00000000a0000000,0x00000000b16ef198,0x00000000bbd80000)
 Metaspace       used 115817K, capacity 123444K, committed 127448K, reserved 1159168K
  class space    used 14671K, capacity 16287K, committed 16896K, reserved 1048576K
GC Heap History (10 events):
Event: 2611.811 GC heap before
{Heap before GC invocations=48 (full 6):
 PSYoungGen      total 456192K, used 420570K [0x00000000e0000000, 0x00000000fff00000, 0x0000000100000000)
  eden space 394240K, 100% used [0x00000000e0000000,0x00000000f8100000,0x00000000f8100000)
  from space 61952K, 42% used [0x00000000f8100000,0x00000000f9ab6858,0x00000000fbd80000)
  to   space 60416K, 0% used [0x00000000fc400000,0x00000000fc400000,0x00000000fff00000)
 ParOldGen       total 295424K, used 161907K [0x00000000a0000000, 0x00000000b2080000, 0x00000000e0000000)
  object space 295424K, 54% used [0x00000000a0000000,0x00000000a9e1cff0,0x00000000b2080000)
 Metaspace       used 114542K, capacity 122496K, committed 122712K, reserved 1155072K
  class space    used 14745K, capacity 16432K, committed 16512K, reserved 1048576K
Event: 2612.057 GC heap after
Heap after GC invocations=48 (full 6):
 PSYoungGen      total 455680K, used 12718K [0x00000000e0000000, 0x00000000ff880000, 0x0000000100000000)
  eden space 401920K, 0% used [0x00000000e0000000,0x00000000e0000000,0x00000000f8880000)
  from space 53760K, 23% used [0x00000000fc400000,0x00000000fd06bba0,0x00000000ff880000)
  to   space 57344K, 0% used [0x00000000f8880000,0x00000000f8880000,0x00000000fc080000)
 ParOldGen       total 295424K, used 166281K [0x00000000a0000000, 0x00000000b2080000, 0x00000000e0000000)
  object space 295424K, 56% used [0x00000000a0000000,0x00000000aa262668,0x00000000b2080000)
 Metaspace       used 114542K, capacity 122496K, committed 122712K, reserved 1155072K
  class space    used 14745K, capacity 16432K, committed 16512K, reserved 1048576K
}
Event: 2642.214 GC heap before
{Heap before GC invocations=49 (full 6):
 PSYoungGen      total 455680K, used 414515K [0x00000000e0000000, 0x00000000ff880000, 0x0000000100000000)
  eden space 401920K, 99% used [0x00000000e0000000,0x00000000f8861090,0x00000000f8880000)
  from space 53760K, 23% used [0x00000000fc400000,0x00000000fd06bba0,0x00000000ff880000)
  to   space 57344K, 0% used [0x00000000f8880000,0x00000000f8880000,0x00000000fc080000)
 ParOldGen       total 295424K, used 166281K [0x00000000a0000000, 0x00000000b2080000, 0x00000000e0000000)
  object space 295424K, 56% used [0x00000000a0000000,0x00000000aa262668,0x00000000b2080000)
 Metaspace       used 117616K, capacity 125654K, committed 126040K, reserved 1159168K
  class space    used 14952K, capacity 16677K, committed 16768K, reserved 1048576K
Event: 2642.453 GC heap after
Heap after GC invocations=49 (full 6):
 PSYoungGen      total 459264K, used 15531K [0x00000000e0000000, 0x00000000ffd80000, 0x0000000100000000)
  eden space 401920K, 0% used [0x00000000e0000000,0x00000000e0000000,0x00000000f8880000)
  from space 57344K, 27% used [0x00000000f8880000,0x00000000f97aacc0,0x00000000fc080000)
  to   space 54272K, 0% used [0x00000000fc880000,0x00000000fc880000,0x00000000ffd80000)
 ParOldGen       total 295424K, used 170603K [0x00000000a0000000, 0x00000000b2080000, 0x00000000e0000000)
  object space 295424K, 57% used [0x00000000a0000000,0x00000000aa69af80,0x00000000b2080000)
 Metaspace       used 117616K, capacity 125654K, committed 126040K, reserved 1159168K
  class space    used 14952K, capacity 16677K, committed 16768K, reserved 1048576K
}
Event: 2665.273 GC heap before
{Heap before GC invocations=50 (full 6):
 PSYoungGen      total 459264K, used 417451K [0x00000000e0000000, 0x00000000ffd80000, 0x0000000100000000)
  eden space 401920K, 100% used [0x00000000e0000000,0x00000000f8880000,0x00000000f8880000)
  from space 57344K, 27% used [0x00000000f8880000,0x00000000f97aacc0,0x00000000fc080000)
  to   space 54272K, 0% used [0x00000000fc880000,0x00000000fc880000,0x00000000ffd80000)
 ParOldGen       total 295424K, used 170603K [0x00000000a0000000, 0x00000000b2080000, 0x00000000e0000000)
  object space 295424K, 57% used [0x00000000a0000000,0x00000000aa69af80,0x00000000b2080000)
 Metaspace       used 118974K, capacity 127104K, committed 127448K, reserved 1159168K
  class space    used 15074K, capacity 16800K, committed 16896K, reserved 1048576K
Event: 2666.002 GC heap after
Heap after GC invocations=50 (full 6):
 PSYoungGen      total 416768K, used 54269K [0x00000000e0000000, 0x0000000100000000, 0x0000000100000000)
  eden space 362496K, 0% used [0x00000000e0000000,0x00000000e0000000,0x00000000f6200000)
  from space 54272K, 99% used [0x00000000fc880000,0x00000000ffd7f6a8,0x00000000ffd80000)
  to   space 80896K, 0% used [0x00000000f6200000,0x00000000f6200000,0x00000000fb100000)
 ParOldGen       total 295424K, used 217048K [0x00000000a0000000, 0x00000000b2080000, 0x00000000e0000000)
  object space 295424K, 73% used [0x00000000a0000000,0x00000000ad3f6090,0x00000000b2080000)
 Metaspace       used 118974K, capacity 127104K, committed 127448K, reserved 1159168K
  class space    used 15074K, capacity 16800K, committed 16896K, reserved 1048576K
}
Event: 2672.081 GC heap before
{Heap before GC invocations=51 (full 6):
 PSYoungGen      total 416768K, used 416765K [0x00000000e0000000, 0x0000000100000000, 0x0000000100000000)
  eden space 362496K, 100% used [0x00000000e0000000,0x00000000f6200000,0x00000000f6200000)
  from space 54272K, 99% used [0x00000000fc880000,0x00000000ffd7f6a8,0x00000000ffd80000)
  to   space 80896K, 0% used [0x00000000f6200000,0x00000000f6200000,0x00000000fb100000)
 ParOldGen       total 295424K, used 218029K [0x00000000a0000000, 0x00000000b2080000, 0x00000000e0000000)
  object space 295424K, 73% used [0x00000000a0000000,0x00000000ad4eb490,0x00000000b2080000)
 Metaspace       used 119189K, capacity 127374K, committed 127448K, reserved 1159168K
  class space    used 15083K, capacity 16839K, committed 16896K, reserved 1048576K
Event: 2672.999 GC heap after
Heap after GC invocations=51 (full 6):
 PSYoungGen      total 443392K, used 80884K [0x00000000e0000000, 0x0000000100000000, 0x0000000100000000)
  eden space 362496K, 0% used [0x00000000e0000000,0x00000000e0000000,0x00000000f6200000)
  from space 80896K, 99% used [0x00000000f6200000,0x00000000fb0fd050,0x00000000fb100000)
  to   space 80896K, 0% used [0x00000000fb100000,0x00000000fb100000,0x0000000100000000)
 ParOldGen       total 295424K, used 278792K [0x00000000a0000000, 0x00000000b2080000, 0x00000000e0000000)
  object space 295424K, 94% used [0x00000000a0000000,0x00000000b10420a0,0x00000000b2080000)
 Metaspace       used 119189K, capacity 127374K, committed 127448K, reserved 1159168K
  class space    used 15083K, capacity 16839K, committed 16896K, reserved 1048576K
}
Event: 2672.999 GC heap before
{Heap before GC invocations=52 (full 7):
 PSYoungGen      total 443392K, used 80884K [0x00000000e0000000, 0x0000000100000000, 0x0000000100000000)
  eden space 362496K, 0% used [0x00000000e0000000,0x00000000e0000000,0x00000000f6200000)
  from space 80896K, 99% used [0x00000000f6200000,0x00000000fb0fd050,0x00000000fb100000)
  to   space 80896K, 0% used [0x00000000fb100000,0x00000000fb100000,0x0000000100000000)
 ParOldGen       total 295424K, used 278792K [0x00000000a0000000, 0x00000000b2080000, 0x00000000e0000000)
  object space 295424K, 94% used [0x00000000a0000000,0x00000000b10420a0,0x00000000b2080000)
 Metaspace       used 119189K, capacity 127374K, committed 127448K, reserved 1159168K
  class space    used 15083K, capacity 16839K, committed 16896K, reserved 1048576K
Event: 2678.115 GC heap after
Heap after GC invocations=52 (full 7):
 PSYoungGen      total 443392K, used 0K [0x00000000e0000000, 0x0000000100000000, 0x0000000100000000)
  eden space 362496K, 0% used [0x00000000e0000000,0x00000000e0000000,0x00000000f6200000)
  from space 80896K, 0% used [0x00000000f6200000,0x00000000f6200000,0x00000000fb100000)
  to   space 80896K, 0% used [0x00000000fb100000,0x00000000fb100000,0x0000000100000000)
 ParOldGen       total 456192K, used 285628K [0x00000000a0000000, 0x00000000bbd80000, 0x00000000e0000000)
  object space 456192K, 62% used [0x00000000a0000000,0x00000000b16ef198,0x00000000bbd80000)
 Metaspace       used 115817K, capacity 123444K, committed 127448K, reserved 1159168K
  class space    used 14671K, capacity 16287K, committed 16896K, reserved 1048576K
}

